<?xml version="1.0" encoding="UTF-8"?>
<!-- Generated by org.testng.reporters.JUnitReportReporter -->
<testsuite skipped="0" hostname="DESKTOP-A8LQFMB" name="com.inetbanking.testCases.TC_LoginTest_001" tests="1" failures="0" timestamp="2022-01-13T18:35:49 IST" time="2.356" errors="0">
  <testcase name="loginTest" time="2.356" classname="com.inetbanking.testCases.TC_LoginTest_001"/>
  <system-out/>
</testsuite> <!-- com.inetbanking.testCases.TC_LoginTest_001 -->
